

Microchip Technology PIC LITE Macro Assembler V1.45 build -152302408 
                                                                                               Thu Feb 22 15:39:15 2018

Microchip Technology Omniscient Code Generator v1.45 (Free mode) build 201711160504
     1                           	processor	16F877
     2                           	opt	pw 120
     3                           	opt	lm
     4                           	psect	cinit,global,class=CODE,merge=1,delta=2
     5                           	psect	cstackCOMMON,global,class=COMMON,space=1,delta=1
     6                           	psect	maintext,global,class=CODE,split=1,delta=2
     7                           	dabs	1,0x7E,2
     8  0000                     
     9                           ; Version 1.45
    10                           ; Generated 16/11/2017 GMT
    11                           ; 
    12                           ; Copyright © 2017, Microchip Technology Inc. and its subsidiaries ("Microchip")
    13                           ; All rights reserved.
    14                           ; 
    15                           ; This software is developed by Microchip Technology Inc. and its subsidiaries ("Microch
      +                          ip").
    16                           ; 
    17                           ; Redistribution and use in source and binary forms, with or without modification, are
    18                           ; permitted provided that the following conditions are met:
    19                           ; 
    20                           ;     1. Redistributions of source code must retain the above copyright notice, this lis
      +                          t of
    21                           ;        conditions and the following disclaimer.
    22                           ; 
    23                           ;     2. Redistributions in binary form must reproduce the above copyright notice, this 
      +                          list
    24                           ;        of conditions and the following disclaimer in the documentation and/or other
    25                           ;        materials provided with the distribution.
    26                           ; 
    27                           ;     3. Microchip's name may not be used to endorse or promote products derived from th
      +                          is
    28                           ;        software without specific prior written permission.
    29                           ; 
    30                           ; THIS SOFTWARE IS PROVIDED BY MICROCHIP "AS IS" AND ANY EXPRESS OR IMPLIED WARRANTIES,
    31                           ; INCLUDING, BUT NOT LIMITED TO, THE IMPLIED WARRANTIES OF MERCHANTABILITY AND FITNESS F
      +                          OR
    32                           ; PURPOSE ARE DISCLAIMED.  IN NO EVENT SHALL MICROCHIP BE LIABLE FOR ANY DIRECT, INDIREC
      +                          T,
    33                           ; INCIDENTAL, SPECIAL, EXEMPLARY, OR CONSEQUENTIAL DAMAGES (INCLUDING BUT NOT LIMITED TO
    34                           ; PROCUREMENT OF SUBSTITUTE GOODS OR SERVICES; LOSS OF USE, DATA OR PROFITS; OR BUSINESS
    35                           ; INTERRUPTION) HOWSOEVER CAUSED AND ON ANY THEORY OF LIABILITY, WHETHER IN CONTRACT, ST
      +                          RICT
    36                           ; LIABILITY, OR TORT (INCLUDING NEGLIGENCE OR OTHERWISE) ARISING IN ANY WAY OUT OF THE U
      +                          SE OF
    37                           ; THIS SOFTWARE, EVEN IF ADVISED OF THE POSSIBILITY OF SUCH DAMAGE.
    38                           ; 
    39                           ; 
    40                           ; Code-generator required, PIC16F877 Definitions
    41                           ; 
    42                           ; SFR Addresses
    43  0000                     	;# 
    44  0001                     	;# 
    45  0002                     	;# 
    46  0003                     	;# 
    47  0004                     	;# 
    48  0005                     	;# 
    49  0006                     	;# 
    50  0007                     	;# 
    51  0008                     	;# 
    52  0009                     	;# 
    53  000A                     	;# 
    54  000B                     	;# 
    55  000C                     	;# 
    56  000D                     	;# 
    57  000E                     	;# 
    58  000E                     	;# 
    59  000F                     	;# 
    60  0010                     	;# 
    61  0011                     	;# 
    62  0012                     	;# 
    63  0013                     	;# 
    64  0014                     	;# 
    65  0015                     	;# 
    66  0015                     	;# 
    67  0016                     	;# 
    68  0017                     	;# 
    69  0018                     	;# 
    70  0019                     	;# 
    71  001A                     	;# 
    72  001B                     	;# 
    73  001B                     	;# 
    74  001C                     	;# 
    75  001D                     	;# 
    76  001E                     	;# 
    77  001F                     	;# 
    78  0081                     	;# 
    79  0085                     	;# 
    80  0086                     	;# 
    81  0087                     	;# 
    82  0088                     	;# 
    83  0089                     	;# 
    84  008C                     	;# 
    85  008D                     	;# 
    86  008E                     	;# 
    87  0091                     	;# 
    88  0092                     	;# 
    89  0093                     	;# 
    90  0094                     	;# 
    91  0098                     	;# 
    92  0099                     	;# 
    93  009E                     	;# 
    94  009F                     	;# 
    95  010C                     	;# 
    96  010D                     	;# 
    97  010E                     	;# 
    98  010F                     	;# 
    99  018C                     	;# 
   100  018D                     	;# 
   101  0007                     _PORTC	set	7
   102  0088                     _TRISD	set	136
   103  0087                     _TRISC	set	135
   104                           
   105                           ; #config settings
   106  0000                     
   107                           	psect	cinit
   108  07FC                     start_initialization:	
   109  07FC                     __initialization:	
   110  07FC                     end_of_initialization:	
   111                           ;End of C runtime variable initialization code
   112                           
   113  07FC                     __end_of__initialization:	
   114  07FC  0183               	clrf	3
   115  07FD  120A  118A  2F7E   	ljmp	_main	;jump to C main() function
   116                           
   117                           	psect	cstackCOMMON
   118  0070                     __pcstackCOMMON:	
   119  0070                     ?_main:	
   120  0070                     ??_main:	
   121                           ; 1 bytes @ 0x0
   122                           
   123                           
   124                           ; 1 bytes @ 0x0
   125  0070                     	ds	3
   126  0073                     main@goUp:	
   127                           
   128                           ; 2 bytes @ 0x3
   129  0073                     	ds	2
   130  0075                     main@goDown:	
   131                           
   132                           ; 2 bytes @ 0x5
   133  0075                     	ds	2
   134  0077                     main@selectedTemperature:	
   135                           
   136                           ; 2 bytes @ 0x7
   137  0077                     	ds	2
   138  0079                     main@currentTemperature:	
   139                           
   140                           ; 2 bytes @ 0x9
   141  0079                     	ds	2
   142                           
   143                           	psect	maintext
   144  077E                     __pmaintext:	
   145 ;;
   146 ;;Main: autosize = 0, tempsize = 3, incstack = 0, save=0
   147 ;;
   148 ;; *************** function _main *****************
   149 ;; Defined at:
   150 ;;		line 11 in file "test_IO.c"
   151 ;; Parameters:    Size  Location     Type
   152 ;;		None
   153 ;; Auto vars:     Size  Location     Type
   154 ;;  currentTempe    2    9[COMMON] int 
   155 ;;  selectedTemp    2    7[COMMON] int 
   156 ;;  goDown          2    5[COMMON] int 
   157 ;;  goUp            2    3[COMMON] int 
   158 ;; Return value:  Size  Location     Type
   159 ;;                  1    wreg      void 
   160 ;; Registers used:
   161 ;;		wreg, status,2, status,0
   162 ;; Tracked objects:
   163 ;;		On entry : B00/0
   164 ;;		On exit  : 0/0
   165 ;;		Unchanged: 0/0
   166 ;; Data sizes:     COMMON   BANK0   BANK1   BANK3   BANK2
   167 ;;      Params:         0       0       0       0       0
   168 ;;      Locals:         8       0       0       0       0
   169 ;;      Temps:          3       0       0       0       0
   170 ;;      Totals:        11       0       0       0       0
   171 ;;Total ram usage:       11 bytes
   172 ;; This function calls:
   173 ;;		Nothing
   174 ;; This function is called by:
   175 ;;		Startup code after reset
   176 ;; This function uses a non-reentrant model
   177 ;;
   178                           
   179                           
   180                           ;psect for function _main
   181  077E                     _main:	
   182                           
   183                           ;test_IO.c: 13: int selectedTemperature = 30;
   184                           
   185                           ;incstack = 0
   186                           ; Regs used in _main: [wreg+status,2+status,0]
   187  077E  301E               	movlw	30
   188  077F  00F7               	movwf	main@selectedTemperature
   189  0780  3000               	movlw	0
   190  0781  00F8               	movwf	main@selectedTemperature+1
   191                           
   192                           ;test_IO.c: 14: int currentTemperature = 31;
   193  0782  301F               	movlw	31
   194  0783  00F9               	movwf	main@currentTemperature
   195  0784  3000               	movlw	0
   196  0785  00FA               	movwf	main@currentTemperature+1
   197                           
   198                           ;test_IO.c: 15: int goUp = 0;
   199  0786  01F3               	clrf	main@goUp
   200  0787  01F4               	clrf	main@goUp+1
   201                           
   202                           ;test_IO.c: 16: int goDown = 0;
   203  0788  01F5               	clrf	main@goDown
   204  0789  01F6               	clrf	main@goDown+1
   205                           
   206                           ;test_IO.c: 17: PORTC = 0b00100011;
   207  078A  3023               	movlw	35
   208  078B  1283               	bcf	3,5	;RP0=0, select bank0
   209  078C  1303               	bcf	3,6	;RP1=0, select bank0
   210  078D  0087               	movwf	7	;volatile
   211                           
   212                           ;test_IO.c: 20: TRISC = 0b00000000;
   213  078E  1683               	bsf	3,5	;RP0=1, select bank1
   214  078F  1303               	bcf	3,6	;RP1=0, select bank1
   215  0790  0187               	clrf	7	;volatile
   216                           
   217                           ;test_IO.c: 21: TRISD = 0b11111100;
   218  0791  30FC               	movlw	252
   219  0792  2FC7               	goto	L4
   220  0793                     l498:	
   221                           
   222                           ;test_IO.c: 59: if(currentTemperature <= selectedTemperature - 1){
   223  0793  0877               	movf	main@selectedTemperature,w
   224  0794  3EFF               	addlw	255
   225  0795  00F0               	movwf	??_main
   226  0796  0878               	movf	main@selectedTemperature+1,w
   227  0797  1803               	skipnc
   228  0798  3E01               	addlw	1
   229  0799  3EFF               	addlw	255
   230  079A  00F1               	movwf	??_main+1
   231  079B  0871               	movf	??_main+1,w
   232  079C  3A80               	xorlw	128
   233  079D  00F2               	movwf	??_main+2
   234  079E  087A               	movf	main@currentTemperature+1,w
   235  079F  3A80               	xorlw	128
   236  07A0  0272               	subwf	??_main+2,w
   237  07A1  1D03               	skipz
   238  07A2  2FA5               	goto	u25
   239  07A3  0879               	movf	main@currentTemperature,w
   240  07A4  0270               	subwf	??_main,w
   241  07A5                     u25:	
   242  07A5  1C03               	skipc
   243  07A6  2FAC               	goto	l502
   244                           
   245                           ;test_IO.c: 60: goUp = 1;
   246  07A7  3001               	movlw	1
   247  07A8  00F3               	movwf	main@goUp
   248  07A9  3000               	movlw	0
   249  07AA  00F4               	movwf	main@goUp+1
   250  07AB  2FBE               	goto	l510
   251  07AC                     l502:	
   252                           ;test_IO.c: 63: }else{
   253                           
   254                           ;test_IO.c: 62: TRISD = 0b11111110;
   255                           
   256                           
   257                           ;test_IO.c: 64: if(currentTemperature >= selectedTemperature){
   258  07AC  087A               	movf	main@currentTemperature+1,w
   259  07AD  3A80               	xorlw	128
   260  07AE  00F0               	movwf	??_main
   261  07AF  0878               	movf	main@selectedTemperature+1,w
   262  07B0  3A80               	xorlw	128
   263  07B1  0270               	subwf	??_main,w
   264  07B2  1D03               	skipz
   265  07B3  2FB6               	goto	u35
   266  07B4  0877               	movf	main@selectedTemperature,w
   267  07B5  0279               	subwf	main@currentTemperature,w
   268  07B6                     u35:	
   269  07B6  1C03               	skipc
   270  07B7  2FBA               	goto	l506
   271                           
   272                           ;test_IO.c: 65: goUp = 0;
   273  07B8  01F3               	clrf	main@goUp
   274  07B9  01F4               	clrf	main@goUp+1
   275  07BA                     l506:	
   276                           
   277                           ;test_IO.c: 66: }
   278                           ;test_IO.c: 67: if(!goUp){
   279  07BA  0873               	movf	main@goUp,w
   280  07BB  0474               	iorwf	main@goUp+1,w
   281  07BC  1903               	btfsc	3,2
   282  07BD  2FFA               	goto	L7
   283  07BE                     l510:	
   284                           ;test_IO.c: 70: }else{
   285                           
   286                           ;test_IO.c: 69: TRISD = 0b11111100;
   287                           
   288                           
   289                           ;test_IO.c: 72: TRISD = 0b11111110;
   290  07BE  30FE               	movlw	254
   291  07BF  2FC5               	goto	L5
   292  07C0                     l514:	
   293                           ;test_IO.c: 73: }
   294                           ;test_IO.c: 74: }
   295                           ;test_IO.c: 75: }else{
   296                           
   297                           
   298                           ;test_IO.c: 77: goDown = 1;
   299  07C0  3001               	movlw	1
   300  07C1  00F5               	movwf	main@goDown
   301  07C2  3000               	movlw	0
   302  07C3  00F6               	movwf	main@goDown+1
   303  07C4                     L6:	
   304                           
   305                           ;test_IO.c: 78: TRISD = 0b11111101;
   306  07C4  30FD               	movlw	253
   307  07C5                     L5:	
   308  07C5  1683               	bsf	3,5	;RP0=1, select bank1
   309  07C6  1303               	bcf	3,6	;RP1=0, select bank1
   310  07C7                     L4:	
   311  07C7  0088               	movwf	8	;volatile
   312                           
   313                           ;test_IO.c: 27: {
   314                           ;test_IO.c: 58: if(currentTemperature <= selectedTemperature){
   315                           
   316                           ;test_IO.c: 26: while (1)
   317                           
   318                           ;test_IO.c: 79: }else{
   319  07C8  0878               	movf	main@selectedTemperature+1,w
   320  07C9  3A80               	xorlw	128
   321  07CA  00F0               	movwf	??_main
   322  07CB  087A               	movf	main@currentTemperature+1,w
   323  07CC  3A80               	xorlw	128
   324  07CD  0270               	subwf	??_main,w
   325  07CE  1D03               	skipz
   326  07CF  2FD2               	goto	u15
   327  07D0  0879               	movf	main@currentTemperature,w
   328  07D1  0277               	subwf	main@selectedTemperature,w
   329  07D2                     u15:	
   330  07D2  1803               	btfsc	3,0
   331  07D3  2F93               	goto	l498
   332                           
   333                           ;test_IO.c: 76: if(currentTemperature >= selectedTemperature + 1){
   334  07D4  0877               	movf	main@selectedTemperature,w
   335  07D5  3E01               	addlw	1
   336  07D6  00F0               	movwf	??_main
   337  07D7  0878               	movf	main@selectedTemperature+1,w
   338  07D8  1803               	skipnc
   339  07D9  3E01               	addlw	1
   340  07DA  3E00               	addlw	0
   341  07DB  00F1               	movwf	??_main+1
   342  07DC  087A               	movf	main@currentTemperature+1,w
   343  07DD  3A80               	xorlw	128
   344  07DE  00F2               	movwf	??_main+2
   345  07DF  0871               	movf	??_main+1,w
   346  07E0  3A80               	xorlw	128
   347  07E1  0272               	subwf	??_main+2,w
   348  07E2  1D03               	skipz
   349  07E3  2FE6               	goto	u55
   350  07E4  0870               	movf	??_main,w
   351  07E5  0279               	subwf	main@currentTemperature,w
   352  07E6                     u55:	
   353  07E6  1803               	btfsc	3,0
   354  07E7  2FC0               	goto	l514
   355                           
   356                           ;test_IO.c: 80: if(currentTemperature >= selectedTemperature){
   357  07E8  087A               	movf	main@currentTemperature+1,w
   358  07E9  3A80               	xorlw	128
   359  07EA  00F0               	movwf	??_main
   360  07EB  0878               	movf	main@selectedTemperature+1,w
   361  07EC  3A80               	xorlw	128
   362  07ED  0270               	subwf	??_main,w
   363  07EE  1D03               	skipz
   364  07EF  2FF2               	goto	u65
   365  07F0  0877               	movf	main@selectedTemperature,w
   366  07F1  0279               	subwf	main@currentTemperature,w
   367  07F2                     u65:	
   368  07F2  1C03               	skipc
   369  07F3  2FF6               	goto	l520
   370                           
   371                           ;test_IO.c: 81: goDown = 0;
   372  07F4  01F5               	clrf	main@goDown
   373  07F5  01F6               	clrf	main@goDown+1
   374  07F6                     l520:	
   375                           
   376                           ;test_IO.c: 82: }
   377                           ;test_IO.c: 84: if(!goDown){
   378  07F6  0875               	movf	main@goDown,w
   379  07F7  0476               	iorwf	main@goDown+1,w
   380  07F8  1D03               	btfss	3,2
   381  07F9  2FC4               	goto	L6
   382  07FA                     L7:	
   383                           
   384                           ;test_IO.c: 85: TRISD = 0b11111100;
   385  07FA  30FC               	movlw	252
   386  07FB  2FC5               	goto	L5
   387  07FC                     __end_of_main:	
   388                           ;test_IO.c: 87: TRISD = 0b11111101;
   389                           
   390                           ;test_IO.c: 86: }else{
   391                           
   392  007E                     btemp	set	126	;btemp
   393  007E                     wtemp0	set	126


Data Sizes:
    Strings     0
    Constant    0
    Data        0
    BSS         0
    Persistent  0
    Stack       0

Auto Spaces:
    Space          Size  Autos    Used
    COMMON           14     11      11
    BANK0            80      0       0
    BANK1            80      0       0
    BANK3            96      0       0
    BANK2            96      0       0

Pointer List with Targets:

    None.

Critical Paths under _main in COMMON

    None.

Critical Paths under _main in BANK0

    None.

Critical Paths under _main in BANK1

    None.

Critical Paths under _main in BANK3

    None.

Critical Paths under _main in BANK2

    None.

Call Graph Tables:

 ---------------------------------------------------------------------------------
 (Depth) Function   	        Calls       Base Space   Used Autos Params    Refs
 ---------------------------------------------------------------------------------
 (0) _main                                                11    11      0     180
                                              0 COMMON    11    11      0
 ---------------------------------------------------------------------------------
 Estimated maximum stack depth 0
 ---------------------------------------------------------------------------------

 Call Graph Graphs:

 _main (ROOT)

 Address spaces:
Name               Size   Autos  Total    Cost      Usage
BITCOMMON            E      0       0       0        0.0%
EEDATA             100      0       0       0        0.0%
NULL                 0      0       0       0        0.0%
CODE                 0      0       0       0        0.0%
COMMON               E      B       B       1       78.6%
BITSFR0              0      0       0       1        0.0%
SFR0                 0      0       0       1        0.0%
BITSFR1              0      0       0       2        0.0%
SFR1                 0      0       0       2        0.0%
STACK                0      0       0       2        0.0%
ABS                  0      0       0       3        0.0%
BITBANK0            50      0       0       4        0.0%
BITSFR3              0      0       0       4        0.0%
SFR3                 0      0       0       4        0.0%
BANK0               50      0       0       5        0.0%
BITSFR2              0      0       0       5        0.0%
SFR2                 0      0       0       5        0.0%
BITBANK1            50      0       0       6        0.0%
BANK1               50      0       0       7        0.0%
BITBANK3            60      0       0       8        0.0%
BANK3               60      0       0       9        0.0%
BITBANK2            60      0       0      10        0.0%
BANK2               60      0       0      11        0.0%
DATA                 0      0       0      12        0.0%


Microchip Technology PIC Macro Assembler V1.45 build -152302408 
Symbol Table                                                                                   Thu Feb 22 15:39:15 2018

            __CFG_CP$OFF 0000                       u15 07D2                       u25 07A5  
                     u35 07B6                       u55 07E6                       u65 07F2  
                    l510 07BE                      l502 07AC                      l520 07F6  
                    l514 07C0                      l506 07BA                      l498 0793  
           __CFG_CPD$OFF 0000              __CFG_WRT$ON 0000             __CFG_FOSC$HS 0000  
           __CFG_LVP$OFF 0000                     _main 077E                     btemp 007E  
          __CFG_BOREN$ON 0000                     start 0000                    ?_main 0070  
          __CFG_WDTE$OFF 0000                    _PORTC 0007                    _TRISC 0087  
                  _TRISD 0088                    status 0003                    wtemp0 007E  
        __initialization 07FC             __end_of_main 07FC                   ??_main 0070  
         __CFG_PWRTE$OFF 0000   main@currentTemperature 0079  __end_of__initialization 07FC  
         __pcstackCOMMON 0070               __pmaintext 077E     end_of_initialization 07FC  
             main@goDown 0075      start_initialization 07FC                ___latbits 0002  
          __size_of_main 007E                 main@goUp 0073  main@selectedTemperature 0077  
